{"/Users/drewcurtis/Documents/Web Dev/HackReactor/Immersion HRR34/FEC/client/src/components/App.jsx": {"path":"/Users/drewcurtis/Documents/Web Dev/HackReactor/Immersion HRR34/FEC/client/src/components/App.jsx","statementMap":{"0":{"start":{"line":5,"column":4},"end":{"line":5,"column":12}},"1":{"start":{"line":6,"column":4},"end":{"line":6,"column":20}},"2":{"start":{"line":10,"column":4},"end":{"line":14,"column":5}}},"fnMap":{"0":{"name":"(anonymous_0)","decl":{"start":{"line":4,"column":2},"end":{"line":4,"column":3}},"loc":{"start":{"line":4,"column":16},"end":{"line":7,"column":3}},"line":4},"1":{"name":"(anonymous_1)","decl":{"start":{"line":9,"column":2},"end":{"line":9,"column":3}},"loc":{"start":{"line":9,"column":12},"end":{"line":15,"column":3}},"line":9}},"branchMap":{},"s":{"0":1,"1":1,"2":1},"f":{"0":1,"1":1},"b":{},"_coverageSchema":"332fd63041d2c1bcb487cc26dd0d5f7d97098a6c","hash":"500ca1a0d33c28bcff905c2d17f284aa1ab5611b"}
,"/Users/drewcurtis/Documents/Web Dev/HackReactor/Immersion HRR34/FEC/src/setupTests.js": {"path":"/Users/drewcurtis/Documents/Web Dev/HackReactor/Immersion HRR34/FEC/src/setupTests.js","statementMap":{"0":{"start":{"line":9,"column":0},"end":{"line":9,"column":38}}},"fnMap":{},"branchMap":{},"s":{"0":1},"f":{},"b":{},"_coverageSchema":"332fd63041d2c1bcb487cc26dd0d5f7d97098a6c","hash":"07bff0cba2bb8a5acfeead81849218ab2f588a07"}
}
